<?xml version="1.0" encoding="UTF-8"?>
<!-- Generated by org.testng.reporters.JUnitXMLReporter -->
<testsuite hostname="DESKTOP-C5FUFS1" ignored="5" name="Test" tests="1" failures="0" timestamp="15 Jun 2022 18:15:21 GMT" time="11.903" errors="0">
  <testcase name="requestPayloadUsingDSHashMap" time="11.863" classname="RestAssured.PostHttpMethodExample"/>
  <testcase name="postMethodWithBDDApproach" time="0.0" classname="RestAssured.PostHttpMethodExample">
    <ignored/>
  </testcase> <!-- postMethodWithBDDApproach -->
  <testcase name="requestPayloadUsingJSONObject" time="0.0" classname="RestAssured.PostHttpMethodExample">
    <ignored/>
  </testcase> <!-- requestPayloadUsingJSONObject -->
  <testcase name="postMethodWithoutBDDApproach" time="0.0" classname="RestAssured.PostHttpMethodExample">
    <ignored/>
  </testcase> <!-- postMethodWithoutBDDApproach -->
  <testcase name="requestPayloadUsingJSONFile" time="0.0" classname="RestAssured.PostHttpMethodExample">
    <ignored/>
  </testcase> <!-- requestPayloadUsingJSONFile -->
  <testcase name="requestPayloadUsingClassMethod" time="0.0" classname="RestAssured.PostHttpMethodExample">
    <ignored/>
  </testcase> <!-- requestPayloadUsingClassMethod -->
</testsuite> <!-- Test -->
