<?xml version="1.0" encoding="UTF-8"?>
<testng-results skipped="0" failed="0" ignored="0" total="1" passed="1">
  <reporter-output>
  </reporter-output>
  <suite name="Default suite" duration-ms="5916" started-at="2022-06-21T07:32:47Z" finished-at="2022-06-21T07:32:53Z">
    <groups>
    </groups>
    <test name="Default test" duration-ms="5916" started-at="2022-06-21T07:32:47Z" finished-at="2022-06-21T07:32:53Z">
      <class name="Specifics.DifferentWaysOfCallingHttpMethodsOnRequestSpecifications">
        <test-method status="PASS" signature="getMethods()[pri:0, instance:Specifics.DifferentWaysOfCallingHttpMethodsOnRequestSpecifications@1460a8c0]" name="getMethods" duration-ms="5817" started-at="2022-06-21T07:32:47Z" finished-at="2022-06-21T07:32:53Z">
          <reporter-output>
          </reporter-output>
        </test-method> <!-- getMethods -->
      </class> <!-- Specifics.DifferentWaysOfCallingHttpMethodsOnRequestSpecifications -->
    </test> <!-- Default test -->
  </suite> <!-- Default suite -->
</testng-results>
